<?xml version="1.0" encoding="UTF-8"?>
<testsuite xmlns:xsi="http://www.w3.org/2001/XMLSchema-instance"
  xsi:noNamespaceSchemaLocation="https://maven.apache.org/surefire/maven-failsafe-plugin/xsd/failsafe-test-report-3.0.xsd"
  version="3.0" name="com.reqstool.example.demo.DemoApplicationTestsIT" time="0.04" tests="1"
  errors="0" skipped="0" failures="0">
  <properties>
    <property name="java.specification.version" value="21" />
    <property name="sun.jnu.encoding" value="UTF-8" />
    <property name="java.class.path"
      value="/home/u70650/dev/clones/github/reqstool-demo/target/test-classes:/home/u70650/dev/clones/github/reqstool-demo/target/reqstool-demo-0.0.2.jar:/home/u70650/.m2/repository/org/junit/jupiter/junit-jupiter-api/5.10.0/junit-jupiter-api-5.10.0.jar:/home/u70650/.m2/repository/org/opentest4j/opentest4j/1.3.0/opentest4j-1.3.0.jar:/home/u70650/.m2/repository/org/junit/platform/junit-platform-commons/1.10.0/junit-platform-commons-1.10.0.jar:/home/u70650/.m2/repository/org/apiguardian/apiguardian-api/1.1.2/apiguardian-api-1.1.2.jar:/home/u70650/.m2/repository/se/lfv/reqstool/reqstool-java-annotations/0.1.0/reqstool-java-annotations-0.1.0.jar:/home/u70650/.m2/repository/com/google/auto/service/auto-service-annotations/1.1.1/auto-service-annotations-1.1.1.jar:/home/u70650/.m2/repository/com/fasterxml/jackson/core/jackson-databind/2.16.1/jackson-databind-2.16.1.jar:/home/u70650/.m2/repository/com/fasterxml/jackson/core/jackson-annotations/2.16.1/jackson-annotations-2.16.1.jar:/home/u70650/.m2/repository/com/fasterxml/jackson/core/jackson-core/2.16.1/jackson-core-2.16.1.jar:/home/u70650/.m2/repository/com/fasterxml/jackson/dataformat/jackson-dataformat-yaml/2.16.1/jackson-dataformat-yaml-2.16.1.jar:/home/u70650/.m2/repository/org/yaml/snakeyaml/2.2/snakeyaml-2.2.jar:/home/u70650/.m2/repository/com/google/code/findbugs/jsr305/3.0.2/jsr305-3.0.2.jar:/home/u70650/.m2/repository/org/hamcrest/hamcrest/2.2/hamcrest-2.2.jar:" />
    <property name="java.vm.vendor" value="Eclipse Adoptium" />
    <property name="sun.arch.data.model" value="64" />
    <property name="java.vendor.url" value="https://adoptium.net/" />
    <property name="os.name" value="Linux" />
    <property name="java.vm.specification.version" value="21" />
    <property name="sun.java.launcher" value="SUN_STANDARD" />
    <property name="user.country" value="US" />
    <property name="sun.boot.library.path" value="/opt/dev/sdkman/candidates/java/21.0.1-tem/lib" />
    <property name="sun.java.command"
      value="/home/u70650/dev/clones/github/reqstool-demo/target/surefire/surefirebooter-20240222173913399_3.jar /home/u70650/dev/clones/github/reqstool-demo/target/surefire 2024-02-22T17-39-13_357-jvmRun1 surefire-20240222173913399_1tmp surefire_0-20240222173913399_2tmp" />
    <property name="jdk.debug" value="release" />
    <property name="surefire.test.class.path"
      value="/home/u70650/dev/clones/github/reqstool-demo/target/test-classes:/home/u70650/dev/clones/github/reqstool-demo/target/reqstool-demo-0.0.2.jar:/home/u70650/.m2/repository/org/junit/jupiter/junit-jupiter-api/5.10.0/junit-jupiter-api-5.10.0.jar:/home/u70650/.m2/repository/org/opentest4j/opentest4j/1.3.0/opentest4j-1.3.0.jar:/home/u70650/.m2/repository/org/junit/platform/junit-platform-commons/1.10.0/junit-platform-commons-1.10.0.jar:/home/u70650/.m2/repository/org/apiguardian/apiguardian-api/1.1.2/apiguardian-api-1.1.2.jar:/home/u70650/.m2/repository/se/lfv/reqstool/reqstool-java-annotations/0.1.0/reqstool-java-annotations-0.1.0.jar:/home/u70650/.m2/repository/com/google/auto/service/auto-service-annotations/1.1.1/auto-service-annotations-1.1.1.jar:/home/u70650/.m2/repository/com/fasterxml/jackson/core/jackson-databind/2.16.1/jackson-databind-2.16.1.jar:/home/u70650/.m2/repository/com/fasterxml/jackson/core/jackson-annotations/2.16.1/jackson-annotations-2.16.1.jar:/home/u70650/.m2/repository/com/fasterxml/jackson/core/jackson-core/2.16.1/jackson-core-2.16.1.jar:/home/u70650/.m2/repository/com/fasterxml/jackson/dataformat/jackson-dataformat-yaml/2.16.1/jackson-dataformat-yaml-2.16.1.jar:/home/u70650/.m2/repository/org/yaml/snakeyaml/2.2/snakeyaml-2.2.jar:/home/u70650/.m2/repository/com/google/code/findbugs/jsr305/3.0.2/jsr305-3.0.2.jar:/home/u70650/.m2/repository/org/hamcrest/hamcrest/2.2/hamcrest-2.2.jar:" />
    <property name="sun.cpu.endian" value="little" />
    <property name="user.home" value="/home/u70650" />
    <property name="user.language" value="en" />
    <property name="java.specification.vendor" value="Oracle Corporation" />
    <property name="java.version.date" value="2023-10-17" />
    <property name="java.home" value="/opt/dev/sdkman/candidates/java/21.0.1-tem" />
    <property name="file.separator" value="/" />
    <property name="basedir" value="/home/u70650/dev/clones/github/reqstool-demo" />
    <property name="java.vm.compressedOopsMode" value="Zero based" />
    <property name="line.separator" value="&#10;" />
    <property name="java.specification.name" value="Java Platform API Specification" />
    <property name="java.vm.specification.vendor" value="Oracle Corporation" />
    <property name="surefire.real.class.path"
      value="/home/u70650/dev/clones/github/reqstool-demo/target/surefire/surefirebooter-20240222173913399_3.jar" />
    <property name="sun.management.compiler" value="HotSpot 64-Bit Tiered Compilers" />
    <property name="java.runtime.version" value="21.0.1+12-LTS" />
    <property name="user.name" value="u70650" />
    <property name="stdout.encoding" value="UTF-8" />
    <property name="path.separator" value=":" />
    <property name="os.version" value="6.5.0-18-generic" />
    <property name="java.runtime.name" value="OpenJDK Runtime Environment" />
    <property name="file.encoding" value="UTF-8" />
    <property name="java.vm.name" value="OpenJDK 64-Bit Server VM" />
    <property name="java.vendor.version" value="Temurin-21.0.1+12" />
    <property name="localRepository" value="/home/u70650/.m2/repository" />
    <property name="java.vendor.url.bug" value="https://github.com/adoptium/adoptium-support/issues" />
    <property name="java.io.tmpdir" value="/tmp" />
    <property name="java.version" value="21.0.1" />
    <property name="user.dir" value="/home/u70650/dev/clones/github/reqstool-demo" />
    <property name="os.arch" value="amd64" />
    <property name="java.vm.specification.name" value="Java Virtual Machine Specification" />
    <property name="native.encoding" value="UTF-8" />
    <property name="java.library.path"
      value="/usr/java/packages/lib:/usr/lib64:/lib64:/lib:/usr/lib" />
    <property name="java.vm.info" value="mixed mode, sharing" />
    <property name="stderr.encoding" value="UTF-8" />
    <property name="java.vendor" value="Eclipse Adoptium" />
    <property name="java.vm.version" value="21.0.1+12-LTS" />
    <property name="sun.io.unicode.encoding" value="UnicodeLittle" />
    <property name="java.class.version" value="65.0" />
  </properties>
  <testcase name="contextLoads" classname="com.reqstool.example.demo.DemoApplicationTestsIT"
    time="0.023" />
</testsuite>